生成启动时间为 2019/3/5 20:34:42。
     1>项目“D:\教学\gis软件工程\MapEditor\MapEditor3\MapEditor3\MapEditor3.vcxproj”在节点 2 上(build 个目标)。
     1>InitializeBuildStatus:
         正在对“Debug\MapEditor3.unsuccessfulbuild”执行 Touch 任务。
       ClCompile:
         所有输出均为最新。
         D:\Program Files (x86)\Microsoft Visual Studio 10.0\VC\bin\CL.exe /c /ZI /nologo /W3 /WX- /Od /Oy- /D WIN32 /D _WINDOWS /D _DEBUG /D _UNICODE /D UNICODE /D _AFXDLL /Gm /EHsc /RTC1 /MDd /GS /fp:precise /Zc:wchar_t /Zc:forScope /Yu"StdAfx.h" /Fp"Debug\MapEditor3.pch" /Fo"Debug\\" /Fd"Debug\vc100.pdb" /Gd /TP /analyze- /errorReport:prompt AbstractSymbol.cpp CircleSymbol.cpp MapEditor3.cpp MapEditor3View.cpp paint.cpp
         paint.cpp
     1>d:\program files (x86)\microsoft visual studio 10.0\vc\include\math.h(118): error C2733: 不允许重载函数“abs”的第二个 C 链接
                 d:\program files (x86)\microsoft visual studio 10.0\vc\include\math.h(118) : 参见“abs”的声明
     1>d:\program files (x86)\microsoft visual studio 10.0\vc\include\math.h(496): error C2732: 链接规范与“abs”的早期规范冲突
                 d:\program files (x86)\microsoft visual studio 10.0\vc\include\math.h(495) : 参见“abs”的声明
     1>d:\program files (x86)\microsoft visual studio 10.0\vc\include\math.h(518): error C2084: 函数“float abs(float)”已有主体
                 d:\program files (x86)\microsoft visual studio 10.0\vc\include\math.h(499) : 参见“abs”的前一个定义
     1>d:\program files (x86)\microsoft visual studio 10.0\vc\include\math.h(566): error C2084: 函数“long double abs(long double)”已有主体
                 d:\program files (x86)\microsoft visual studio 10.0\vc\include\math.h(547) : 参见“abs”的前一个定义
         MapEditor3View.cpp
     1>d:\program files (x86)\microsoft visual studio 10.0\vc\include\math.h(118): error C2733: 不允许重载函数“abs”的第二个 C 链接
                 d:\program files (x86)\microsoft visual studio 10.0\vc\include\math.h(118) : 参见“abs”的声明
     1>d:\program files (x86)\microsoft visual studio 10.0\vc\include\math.h(496): error C2732: 链接规范与“abs”的早期规范冲突
                 d:\program files (x86)\microsoft visual studio 10.0\vc\include\math.h(495) : 参见“abs”的声明
     1>d:\program files (x86)\microsoft visual studio 10.0\vc\include\math.h(518): error C2084: 函数“float abs(float)”已有主体
                 d:\program files (x86)\microsoft visual studio 10.0\vc\include\math.h(499) : 参见“abs”的前一个定义
     1>d:\program files (x86)\microsoft visual studio 10.0\vc\include\math.h(566): error C2084: 函数“long double abs(long double)”已有主体
                 d:\program files (x86)\microsoft visual studio 10.0\vc\include\math.h(547) : 参见“abs”的前一个定义
     1>d:\program files (x86)\microsoft visual studio 10.0\vc\include\cmath(42): error C2039: “fabs”: 不是“`global namespace'”的成员
     1>d:\program files (x86)\microsoft visual studio 10.0\vc\include\cmath(42): error C2873: “fabs”: 符号不能用在 using 声明中
     1>d:\教学\gis软件工程\mapeditor\mapeditor3\mapeditor3\circlesymbol.h(2): fatal error C1083: 无法打开包括文件:“pointsymbol.h”: No such file or directory
         MapEditor3.cpp
     1>d:\program files (x86)\microsoft visual studio 10.0\vc\include\math.h(118): error C2733: 不允许重载函数“abs”的第二个 C 链接
                 d:\program files (x86)\microsoft visual studio 10.0\vc\include\math.h(118) : 参见“abs”的声明
     1>d:\program files (x86)\microsoft visual studio 10.0\vc\include\math.h(496): error C2732: 链接规范与“abs”的早期规范冲突
                 d:\program files (x86)\microsoft visual studio 10.0\vc\include\math.h(495) : 参见“abs”的声明
     1>d:\program files (x86)\microsoft visual studio 10.0\vc\include\math.h(518): error C2084: 函数“float abs(float)”已有主体
                 d:\program files (x86)\microsoft visual studio 10.0\vc\include\math.h(499) : 参见“abs”的前一个定义
     1>d:\program files (x86)\microsoft visual studio 10.0\vc\include\math.h(566): error C2084: 函数“long double abs(long double)”已有主体
                 d:\program files (x86)\microsoft visual studio 10.0\vc\include\math.h(547) : 参见“abs”的前一个定义
     1>d:\program files (x86)\microsoft visual studio 10.0\vc\include\cmath(42): error C2039: “fabs”: 不是“`global namespace'”的成员
     1>d:\program files (x86)\microsoft visual studio 10.0\vc\include\cmath(42): error C2873: “fabs”: 符号不能用在 using 声明中
         CircleSymbol.cpp
     1>d:\教学\gis软件工程\mapeditor\mapeditor3\mapeditor3\circlesymbol.h(2): fatal error C1083: 无法打开包括文件:“pointsymbol.h”: No such file or directory
         AbstractSymbol.cpp
     1>d:\program files (x86)\microsoft visual studio 10.0\vc\include\math.h(118): error C2733: 不允许重载函数“abs”的第二个 C 链接
                 d:\program files (x86)\microsoft visual studio 10.0\vc\include\math.h(118) : 参见“abs”的声明
     1>d:\program files (x86)\microsoft visual studio 10.0\vc\include\math.h(496): error C2732: 链接规范与“abs”的早期规范冲突
                 d:\program files (x86)\microsoft visual studio 10.0\vc\include\math.h(495) : 参见“abs”的声明
     1>d:\program files (x86)\microsoft visual studio 10.0\vc\include\math.h(518): error C2084: 函数“float abs(float)”已有主体
                 d:\program files (x86)\microsoft visual studio 10.0\vc\include\math.h(499) : 参见“abs”的前一个定义
     1>d:\program files (x86)\microsoft visual studio 10.0\vc\include\math.h(566): error C2084: 函数“long double abs(long double)”已有主体
                 d:\program files (x86)\microsoft visual studio 10.0\vc\include\math.h(547) : 参见“abs”的前一个定义
     1>d:\program files (x86)\microsoft visual studio 10.0\vc\include\cmath(42): error C2039: “fabs”: 不是“`global namespace'”的成员
     1>d:\program files (x86)\microsoft visual studio 10.0\vc\include\cmath(42): error C2873: “fabs”: 符号不能用在 using 声明中
     1>d:\教学\gis软件工程\mapeditor\mapeditor3\mapeditor3\abstractsymbol.cpp(28): warning C4244: “=”: 从“double”转换到“int”，可能丢失数据
     1>d:\教学\gis软件工程\mapeditor\mapeditor3\mapeditor3\abstractsymbol.cpp(32): warning C4244: “=”: 从“double”转换到“int”，可能丢失数据
     1>d:\教学\gis软件工程\mapeditor\mapeditor3\mapeditor3\abstractsymbol.cpp(36): warning C4244: “=”: 从“double”转换到“int”，可能丢失数据
         正在生成代码...
     1>已完成生成项目“D:\教学\gis软件工程\MapEditor\MapEditor3\MapEditor3\MapEditor3.vcxproj”(build 个目标)的操作 - 失败。

生成失败。

已用时间 00:00:02.48
